<?xml version="1.0" encoding="UTF-8"?>
<!-- Generated by org.testng.reporters.JUnitXMLReporter -->
<testsuite ignored="0" hostname="LAPTOP-BIM2FR3V" failures="0" tests="3" name="Bank Manager Login Test" time="16.638" errors="0" timestamp="2025-12-16T22:53:17 IST">
  <testcase classname="testcases.AddCustomerTest" name="geturl" time="3.492"/>
  <testcase classname="testcases.AddCustomerTest" name="addCustomers" time="6.164"/>
  <testcase classname="testcases.AddCustomerTest" name="addCustomers" time="6.117"/>
</testsuite> <!-- Bank Manager Login Test -->
