<?xml version="1.0" encoding="UTF-8"?>
<!-- Generated by org.testng.reporters.JUnitXMLReporter -->
<testsuite ignored="2" hostname="LAPTOP-BIM2FR3V" failures="0" tests="6" name="Test" time="0.04" errors="0" timestamp="2025-11-06T21:42:00 IST">
  <testcase classname="groups.Class1" name="test1" time="0.003"/>
  <testcase classname="groups.Class1" name="test2" time="0.002"/>
  <testcase classname="groups.Class1" name="test3" time="0.003"/>
  <testcase classname="groups.Class2" name="test1" time="0.001"/>
  <testcase classname="groups.Class2" name="test2" time="0.002"/>
  <testcase classname="groups.Class2" name="test3" time="0.002"/>
  <testcase classname="groups.Class2" name="test4" time="0.0">
    <ignored/>
  </testcase> <!-- test4 -->
  <testcase classname="groups.Class1" name="test4" time="0.0">
    <ignored/>
  </testcase> <!-- test4 -->
</testsuite> <!-- Test -->
