<?xml version="1.0" encoding="UTF-8"?>
<!-- Generated by org.testng.reporters.JUnitXMLReporter -->
<testsuite ignored="0" hostname="LAPTOP-BIM2FR3V" failures="0" tests="10" name="Initial Testing" time="0.207" errors="0" timestamp="2025-10-25T08:36:01 IST">
  <testcase classname="testNGWithPlayWright.TestCase1" name="test1" time="0.012"/>
  <testcase classname="testNGWithPlayWright.TestCase1" name="test2" time="0.002"/>
  <testcase classname="testNGWithPlayWright.TestCase1" name="LaunchRediff" time="0.001"/>
  <testcase classname="testNGWithPlayWright.TestCase1" name="LoginRediff" time="0.001"/>
  <testcase classname="testNGWithPlayWright.TestCase1" name="CloseRediff" time="0.0"/>
  <testcase classname="testNGWithPlayWright.TestCase2" name="test1" time="0.001"/>
  <testcase classname="testNGWithPlayWright.TestCase2" name="test2" time="0.003"/>
  <testcase classname="testNGWithPlayWright.TestCase2" name="LaunchRediff" time="0.008"/>
  <testcase classname="testNGWithPlayWright.TestCase2" name="LoginRediff" time="0.001"/>
  <testcase classname="testNGWithPlayWright.TestCase2" name="CloseRediff" time="0.002"/>
</testsuite> <!-- Initial Testing -->
