<?xml version="1.0" encoding="UTF-8"?>
<!-- Generated by org.testng.reporters.JUnitXMLReporter -->
<testsuite ignored="3" hostname="LAPTOP-BIM2FR3V" failures="0" tests="5" name="Test1" time="0.022" errors="0" timestamp="2025-11-06T21:34:26 IST">
  <testcase classname="groups.Class1" name="test1" time="0.002"/>
  <testcase classname="groups.Class1" name="test2" time="0.002"/>
  <testcase classname="groups.Class2" name="test1" time="0.001"/>
  <testcase classname="groups.Class2" name="test2" time="0.001"/>
  <testcase classname="groups.Class2" name="test4" time="0.001"/>
  <testcase classname="groups.Class1" name="test3" time="0.0">
    <ignored/>
  </testcase> <!-- test3 -->
  <testcase classname="groups.Class1" name="test4" time="0.0">
    <ignored/>
  </testcase> <!-- test4 -->
  <testcase classname="groups.Class2" name="test3" time="0.0">
    <ignored/>
  </testcase> <!-- test3 -->
</testsuite> <!-- Test1 -->
