<?xml version="1.0" encoding="UTF-8"?>
<!-- Generated by org.testng.reporters.JUnitXMLReporter -->
<testsuite ignored="1" hostname="LAPTOP-BIM2FR3V" failures="0" tests="21" name="Test" time="17.972" errors="0" timestamp="2025-11-13T22:34:04 IST">
  <testcase classname="testNGWithPlayWright.TestCase1" name="test1" time="0.002"/>
  <testcase classname="testNGWithPlayWright.TestCase1" name="test2" time="0.0"/>
  <testcase classname="testNGWithPlayWright.TestCase1" name="LaunchRediff" time="0.002"/>
  <testcase classname="testNGWithPlayWright.TestCase1" name="LoginRediff" time="0.001"/>
  <testcase classname="testNGWithPlayWright.TestCase1" name="CloseRediff" time="0.0"/>
  <testcase classname="testNGWithPlayWright.TestCase2" name="test1" time="0.0"/>
  <testcase classname="testNGWithPlayWright.TestCase2" name="test2" time="0.0"/>
  <testcase classname="testNGWithPlayWright.TestCase2" name="LaunchRediff" time="0.0"/>
  <testcase classname="testNGWithPlayWright.TestCase2" name="LoginRediff" time="0.0"/>
  <testcase classname="testNGWithPlayWright.TestCase2" name="CloseRediff" time="0.0"/>
  <testcase classname="testNGWithPlayWright.HandlingDropDownList" name="handDDList" time="8.811"/>
  <testcase classname="testNGWithPlayWright.AssertExp" name="compareFloat" time="0.0"/>
  <testcase classname="testNGWithPlayWright.DP_Exp" name="login" time="0.004"/>
  <testcase classname="testNGWithPlayWright.DP_Exp" name="login" time="0.0"/>
  <testcase classname="testNGWithPlayWright.DP_Exp" name="login" time="0.0"/>
  <testcase classname="testNGWithPlayWright.HandlingMouseHoverActions" name="mouseHoverDemo" time="3.004"/>
  <testcase classname="testNGWithPlayWright.HandlingLinks" name="linksDemo" time="6.027"/>
  <testcase classname="testNGWithPlayWright.AssertFail" name="doUserReg" time="0.0"/>
  <testcase classname="testNGWithPlayWright.AssertFail" name="doLogin" time="0.0"/>
  <testcase classname="testNGWithPlayWright.AssertFail" name="firstTest" time="0.0"/>
  <testcase classname="testNGWithPlayWright.AssertFail" name="SecondTest" time="0.0"/>
  <testcase classname="testNGWithPlayWright.AssertExp" name="compareInt" time="0.0">
    <ignored/>
  </testcase> <!-- compareInt -->
</testsuite> <!-- Test -->
