<?xml version="1.0" encoding="UTF-8"?>
<!-- Generated by org.testng.reporters.JUnitXMLReporter -->
<testsuite ignored="0" hostname="LAPTOP-BIM2FR3V" failures="0" tests="12" name="Test" time="0.05" errors="0" timestamp="2025-11-06T21:42:01 IST">
  <testcase classname="para.VerifyInsert" name="insertRecAndVerify" time="0.004"/>
  <testcase classname="para.VerifyUpdate" name="updateRecAndVerify" time="0.004"/>
  <testcase classname="testNGWithPlayWright.TestCase1" name="test1" time="0.001"/>
  <testcase classname="testNGWithPlayWright.TestCase1" name="test2" time="0.001"/>
  <testcase classname="testNGWithPlayWright.TestCase1" name="LaunchRediff" time="0.0"/>
  <testcase classname="testNGWithPlayWright.TestCase1" name="LoginRediff" time="0.001"/>
  <testcase classname="testNGWithPlayWright.TestCase1" name="CloseRediff" time="0.001"/>
  <testcase classname="testNGWithPlayWright.TestCase2" name="test1" time="0.0"/>
  <testcase classname="testNGWithPlayWright.TestCase2" name="test2" time="0.001"/>
  <testcase classname="testNGWithPlayWright.TestCase2" name="LaunchRediff" time="0.0"/>
  <testcase classname="testNGWithPlayWright.TestCase2" name="LoginRediff" time="0.0"/>
  <testcase classname="testNGWithPlayWright.TestCase2" name="CloseRediff" time="0.001"/>
</testsuite> <!-- Test -->
