<?xml version="1.0" encoding="UTF-8"?>
<testng-results ignored="0" total="21" passed="21" failed="0" skipped="0">
  <reporter-output>
  </reporter-output>
  <suite started-at="2025-11-13T22:33:46 IST" name="Suite" finished-at="2025-11-13T22:34:04 IST" duration-ms="17972">
    <groups>
    </groups>
    <test started-at="2025-11-13T22:33:46 IST" name="Test" finished-at="2025-11-13T22:34:04 IST" duration-ms="17972">
      <class name="testNGWithPlayWright.HandlingLinks">
        <test-method signature="linksDemo()[pri:0, instance:testNGWithPlayWright.HandlingLinks@192d43ce]" started-at="2025-11-13T22:33:58 IST" name="linksDemo" finished-at="2025-11-13T22:34:04 IST" duration-ms="6027" status="PASS">
          <reporter-output>
          </reporter-output>
        </test-method> <!-- linksDemo -->
      </class> <!-- testNGWithPlayWright.HandlingLinks -->
      <class name="testNGWithPlayWright.AssertExp">
        <test-method signature="compareFloat()[pri:2, instance:testNGWithPlayWright.AssertExp@6eda5c9]" started-at="2025-11-13T22:33:55 IST" name="compareFloat" description="Soft Assert" finished-at="2025-11-13T22:33:55 IST" duration-ms="0" status="PASS">
          <reporter-output>
          </reporter-output>
        </test-method> <!-- compareFloat -->
      </class> <!-- testNGWithPlayWright.AssertExp -->
      <class name="testNGWithPlayWright.DP_Exp">
        <test-method signature="login(java.lang.String,java.lang.String)[pri:0, instance:testNGWithPlayWright.DP_Exp@55b7a4e0]" started-at="2025-11-13T22:33:55 IST" name="login" data-provider="data" finished-at="2025-11-13T22:33:55 IST" duration-ms="4" status="PASS">
          <params>
            <param index="0">
              <value>
                <![CDATA[abc]]>
              </value>
            </param>
            <param index="1">
              <value>
                <![CDATA[abc111]]>
              </value>
            </param>
          </params>
          <reporter-output>
          </reporter-output>
        </test-method> <!-- login -->
        <test-method signature="login(java.lang.String,java.lang.String)[pri:0, instance:testNGWithPlayWright.DP_Exp@55b7a4e0]" started-at="2025-11-13T22:33:55 IST" name="login" data-provider="data" finished-at="2025-11-13T22:33:55 IST" duration-ms="0" status="PASS">
          <params>
            <param index="0">
              <value>
                <![CDATA[raj]]>
              </value>
            </param>
            <param index="1">
              <value>
                <![CDATA[raj444]]>
              </value>
            </param>
          </params>
          <reporter-output>
          </reporter-output>
        </test-method> <!-- login -->
        <test-method signature="login(java.lang.String,java.lang.String)[pri:0, instance:testNGWithPlayWright.DP_Exp@55b7a4e0]" started-at="2025-11-13T22:33:55 IST" name="login" data-provider="data" finished-at="2025-11-13T22:33:55 IST" duration-ms="0" status="PASS">
          <params>
            <param index="0">
              <value>
                <![CDATA[dev]]>
              </value>
            </param>
            <param index="1">
              <value>
                <![CDATA[dev222]]>
              </value>
            </param>
          </params>
          <reporter-output>
          </reporter-output>
        </test-method> <!-- login -->
      </class> <!-- testNGWithPlayWright.DP_Exp -->
      <class name="testNGWithPlayWright.TestCase2">
        <test-method signature="test1()[pri:1, instance:testNGWithPlayWright.TestCase2@6a192cfe]" started-at="2025-11-13T22:33:46 IST" name="test1" description="Test1" finished-at="2025-11-13T22:33:46 IST" duration-ms="0" status="PASS">
          <reporter-output>
          </reporter-output>
        </test-method> <!-- test1 -->
        <test-method is-config="true" signature="beforeClass()[pri:0, instance:testNGWithPlayWright.TestCase2@6a192cfe]" started-at="2025-11-13T22:33:46 IST" name="beforeClass" finished-at="2025-11-13T22:33:46 IST" duration-ms="0" status="PASS">
          <reporter-output>
          </reporter-output>
        </test-method> <!-- beforeClass -->
        <test-method is-config="true" signature="beforeMethod()[pri:0, instance:testNGWithPlayWright.TestCase2@6a192cfe]" started-at="2025-11-13T22:33:46 IST" name="beforeMethod" finished-at="2025-11-13T22:33:46 IST" duration-ms="0" status="PASS">
          <reporter-output>
          </reporter-output>
        </test-method> <!-- beforeMethod -->
        <test-method is-config="true" signature="afterMethod()[pri:0, instance:testNGWithPlayWright.TestCase2@6a192cfe]" started-at="2025-11-13T22:33:46 IST" name="afterMethod" finished-at="2025-11-13T22:33:46 IST" duration-ms="2" status="PASS">
          <reporter-output>
          </reporter-output>
        </test-method> <!-- afterMethod -->
        <test-method signature="LaunchRediff()[pri:3, instance:testNGWithPlayWright.TestCase2@6a192cfe]" started-at="2025-11-13T22:33:46 IST" name="LaunchRediff" description="Launch Chrome" finished-at="2025-11-13T22:33:46 IST" duration-ms="0" status="PASS">
          <reporter-output>
          </reporter-output>
        </test-method> <!-- LaunchRediff -->
        <test-method signature="test2()[pri:2, instance:testNGWithPlayWright.TestCase2@6a192cfe]" started-at="2025-11-13T22:33:46 IST" name="test2" description="Test2" finished-at="2025-11-13T22:33:46 IST" duration-ms="0" status="PASS">
          <reporter-output>
          </reporter-output>
        </test-method> <!-- test2 -->
        <test-method is-config="true" signature="afterMethod()[pri:0, instance:testNGWithPlayWright.TestCase2@6a192cfe]" started-at="2025-11-13T22:33:46 IST" name="afterMethod" finished-at="2025-11-13T22:33:46 IST" duration-ms="5" status="PASS">
          <reporter-output>
          </reporter-output>
        </test-method> <!-- afterMethod -->
        <test-method is-config="true" signature="beforeMethod()[pri:0, instance:testNGWithPlayWright.TestCase2@6a192cfe]" started-at="2025-11-13T22:33:46 IST" name="beforeMethod" finished-at="2025-11-13T22:33:46 IST" duration-ms="0" status="PASS">
          <reporter-output>
          </reporter-output>
        </test-method> <!-- beforeMethod -->
        <test-method is-config="true" signature="beforeMethod()[pri:0, instance:testNGWithPlayWright.TestCase2@6a192cfe]" started-at="2025-11-13T22:33:46 IST" name="beforeMethod" finished-at="2025-11-13T22:33:46 IST" duration-ms="0" status="PASS">
          <reporter-output>
          </reporter-output>
        </test-method> <!-- beforeMethod -->
        <test-method is-config="true" signature="afterMethod()[pri:0, instance:testNGWithPlayWright.TestCase2@6a192cfe]" started-at="2025-11-13T22:33:46 IST" name="afterMethod" finished-at="2025-11-13T22:33:46 IST" duration-ms="0" status="PASS">
          <reporter-output>
          </reporter-output>
        </test-method> <!-- afterMethod -->
        <test-method signature="LoginRediff()[pri:4, instance:testNGWithPlayWright.TestCase2@6a192cfe]" started-at="2025-11-13T22:33:46 IST" name="LoginRediff" description="Login Rediff" finished-at="2025-11-13T22:33:46 IST" duration-ms="0" status="PASS">
          <reporter-output>
          </reporter-output>
        </test-method> <!-- LoginRediff -->
        <test-method is-config="true" signature="afterMethod()[pri:0, instance:testNGWithPlayWright.TestCase2@6a192cfe]" started-at="2025-11-13T22:33:46 IST" name="afterMethod" finished-at="2025-11-13T22:33:46 IST" duration-ms="0" status="PASS">
          <reporter-output>
          </reporter-output>
        </test-method> <!-- afterMethod -->
        <test-method is-config="true" signature="beforeMethod()[pri:0, instance:testNGWithPlayWright.TestCase2@6a192cfe]" started-at="2025-11-13T22:33:46 IST" name="beforeMethod" finished-at="2025-11-13T22:33:46 IST" duration-ms="0" status="PASS">
          <reporter-output>
          </reporter-output>
        </test-method> <!-- beforeMethod -->
        <test-method signature="CloseRediff()[pri:5, instance:testNGWithPlayWright.TestCase2@6a192cfe]" started-at="2025-11-13T22:33:46 IST" name="CloseRediff" description="Close Browser" finished-at="2025-11-13T22:33:46 IST" duration-ms="0" status="PASS">
          <reporter-output>
          </reporter-output>
        </test-method> <!-- CloseRediff -->
        <test-method is-config="true" signature="beforeMethod()[pri:0, instance:testNGWithPlayWright.TestCase2@6a192cfe]" started-at="2025-11-13T22:33:46 IST" name="beforeMethod" finished-at="2025-11-13T22:33:46 IST" duration-ms="0" status="PASS">
          <reporter-output>
          </reporter-output>
        </test-method> <!-- beforeMethod -->
        <test-method is-config="true" signature="afterMethod()[pri:0, instance:testNGWithPlayWright.TestCase2@6a192cfe]" started-at="2025-11-13T22:33:46 IST" name="afterMethod" finished-at="2025-11-13T22:33:46 IST" duration-ms="0" status="PASS">
          <reporter-output>
          </reporter-output>
        </test-method> <!-- afterMethod -->
        <test-method is-config="true" signature="afterClass()[pri:0, instance:testNGWithPlayWright.TestCase2@6a192cfe]" started-at="2025-11-13T22:33:46 IST" name="afterClass" finished-at="2025-11-13T22:33:46 IST" duration-ms="0" status="PASS">
          <reporter-output>
          </reporter-output>
        </test-method> <!-- afterClass -->
      </class> <!-- testNGWithPlayWright.TestCase2 -->
      <class name="testNGWithPlayWright.TestCase1">
        <test-method is-config="true" signature="beforetest()[pri:0, instance:testNGWithPlayWright.TestCase1@2ef3eef9]" started-at="2025-11-13T22:33:46 IST" name="beforetest" finished-at="2025-11-13T22:33:46 IST" duration-ms="13" status="PASS">
          <reporter-output>
          </reporter-output>
        </test-method> <!-- beforetest -->
        <test-method is-config="true" signature="beforeClass()[pri:0, instance:testNGWithPlayWright.TestCase1@2ef3eef9]" started-at="2025-11-13T22:33:46 IST" name="beforeClass" finished-at="2025-11-13T22:33:46 IST" duration-ms="0" status="PASS">
          <reporter-output>
          </reporter-output>
        </test-method> <!-- beforeClass -->
        <test-method is-config="true" signature="beforeMethod()[pri:0, instance:testNGWithPlayWright.TestCase1@2ef3eef9]" started-at="2025-11-13T22:33:46 IST" name="beforeMethod" finished-at="2025-11-13T22:33:46 IST" duration-ms="0" status="PASS">
          <reporter-output>
          </reporter-output>
        </test-method> <!-- beforeMethod -->
        <test-method signature="test1()[pri:1, instance:testNGWithPlayWright.TestCase1@2ef3eef9]" started-at="2025-11-13T22:33:46 IST" name="test1" description="Test1" finished-at="2025-11-13T22:33:46 IST" duration-ms="2" status="PASS">
          <reporter-output>
          </reporter-output>
        </test-method> <!-- test1 -->
        <test-method is-config="true" signature="afterMethod()[pri:0, instance:testNGWithPlayWright.TestCase1@2ef3eef9]" started-at="2025-11-13T22:33:46 IST" name="afterMethod" finished-at="2025-11-13T22:33:46 IST" duration-ms="0" status="PASS">
          <reporter-output>
          </reporter-output>
        </test-method> <!-- afterMethod -->
        <test-method signature="test2()[pri:2, instance:testNGWithPlayWright.TestCase1@2ef3eef9]" started-at="2025-11-13T22:33:46 IST" name="test2" description="Test2" finished-at="2025-11-13T22:33:46 IST" duration-ms="0" status="PASS">
          <reporter-output>
          </reporter-output>
        </test-method> <!-- test2 -->
        <test-method is-config="true" signature="beforeMethod()[pri:0, instance:testNGWithPlayWright.TestCase1@2ef3eef9]" started-at="2025-11-13T22:33:46 IST" name="beforeMethod" finished-at="2025-11-13T22:33:46 IST" duration-ms="0" status="PASS">
          <reporter-output>
          </reporter-output>
        </test-method> <!-- beforeMethod -->
        <test-method is-config="true" signature="afterMethod()[pri:0, instance:testNGWithPlayWright.TestCase1@2ef3eef9]" started-at="2025-11-13T22:33:46 IST" name="afterMethod" finished-at="2025-11-13T22:33:46 IST" duration-ms="0" status="PASS">
          <reporter-output>
          </reporter-output>
        </test-method> <!-- afterMethod -->
        <test-method signature="LaunchRediff()[pri:3, instance:testNGWithPlayWright.TestCase1@2ef3eef9]" started-at="2025-11-13T22:33:46 IST" name="LaunchRediff" description="Launch Chrome" finished-at="2025-11-13T22:33:46 IST" duration-ms="2" status="PASS">
          <reporter-output>
          </reporter-output>
        </test-method> <!-- LaunchRediff -->
        <test-method is-config="true" signature="beforeMethod()[pri:0, instance:testNGWithPlayWright.TestCase1@2ef3eef9]" started-at="2025-11-13T22:33:46 IST" name="beforeMethod" finished-at="2025-11-13T22:33:46 IST" duration-ms="0" status="PASS">
          <reporter-output>
          </reporter-output>
        </test-method> <!-- beforeMethod -->
        <test-method is-config="true" signature="afterMethod()[pri:0, instance:testNGWithPlayWright.TestCase1@2ef3eef9]" started-at="2025-11-13T22:33:46 IST" name="afterMethod" finished-at="2025-11-13T22:33:46 IST" duration-ms="0" status="PASS">
          <reporter-output>
          </reporter-output>
        </test-method> <!-- afterMethod -->
        <test-method signature="LoginRediff()[pri:4, instance:testNGWithPlayWright.TestCase1@2ef3eef9]" started-at="2025-11-13T22:33:46 IST" name="LoginRediff" description="Login Rediff" finished-at="2025-11-13T22:33:46 IST" duration-ms="1" status="PASS">
          <reporter-output>
          </reporter-output>
        </test-method> <!-- LoginRediff -->
        <test-method is-config="true" signature="beforeMethod()[pri:0, instance:testNGWithPlayWright.TestCase1@2ef3eef9]" started-at="2025-11-13T22:33:46 IST" name="beforeMethod" finished-at="2025-11-13T22:33:46 IST" duration-ms="0" status="PASS">
          <reporter-output>
          </reporter-output>
        </test-method> <!-- beforeMethod -->
        <test-method is-config="true" signature="afterMethod()[pri:0, instance:testNGWithPlayWright.TestCase1@2ef3eef9]" started-at="2025-11-13T22:33:46 IST" name="afterMethod" finished-at="2025-11-13T22:33:46 IST" duration-ms="1" status="PASS">
          <reporter-output>
          </reporter-output>
        </test-method> <!-- afterMethod -->
        <test-method signature="CloseRediff()[pri:5, instance:testNGWithPlayWright.TestCase1@2ef3eef9]" started-at="2025-11-13T22:33:46 IST" name="CloseRediff" description="Close Browser" finished-at="2025-11-13T22:33:46 IST" duration-ms="0" status="PASS">
          <reporter-output>
          </reporter-output>
        </test-method> <!-- CloseRediff -->
        <test-method is-config="true" signature="afterMethod()[pri:0, instance:testNGWithPlayWright.TestCase1@2ef3eef9]" started-at="2025-11-13T22:33:46 IST" name="afterMethod" finished-at="2025-11-13T22:33:46 IST" duration-ms="0" status="PASS">
          <reporter-output>
          </reporter-output>
        </test-method> <!-- afterMethod -->
        <test-method is-config="true" signature="beforeMethod()[pri:0, instance:testNGWithPlayWright.TestCase1@2ef3eef9]" started-at="2025-11-13T22:33:46 IST" name="beforeMethod" finished-at="2025-11-13T22:33:46 IST" duration-ms="0" status="PASS">
          <reporter-output>
          </reporter-output>
        </test-method> <!-- beforeMethod -->
        <test-method is-config="true" signature="afterClass()[pri:0, instance:testNGWithPlayWright.TestCase1@2ef3eef9]" started-at="2025-11-13T22:33:46 IST" name="afterClass" finished-at="2025-11-13T22:33:46 IST" duration-ms="3" status="PASS">
          <reporter-output>
          </reporter-output>
        </test-method> <!-- afterClass -->
        <test-method is-config="true" signature="AfterTest()[pri:0, instance:testNGWithPlayWright.TestCase1@2ef3eef9]" started-at="2025-11-13T22:34:04 IST" name="AfterTest" finished-at="2025-11-13T22:34:04 IST" duration-ms="0" status="PASS">
          <reporter-output>
          </reporter-output>
        </test-method> <!-- AfterTest -->
      </class> <!-- testNGWithPlayWright.TestCase1 -->
      <class name="testNGWithPlayWright.HandlingMouseHoverActions">
        <test-method signature="mouseHoverDemo()[pri:0, instance:testNGWithPlayWright.HandlingMouseHoverActions@5f058f00]" started-at="2025-11-13T22:33:55 IST" name="mouseHoverDemo" finished-at="2025-11-13T22:33:58 IST" duration-ms="3004" status="PASS">
          <reporter-output>
          </reporter-output>
        </test-method> <!-- mouseHoverDemo -->
      </class> <!-- testNGWithPlayWright.HandlingMouseHoverActions -->
      <class name="testNGWithPlayWright.HandlingDropDownList">
        <test-method signature="handDDList()[pri:0, instance:testNGWithPlayWright.HandlingDropDownList@56620197]" started-at="2025-11-13T22:33:46 IST" name="handDDList" finished-at="2025-11-13T22:33:55 IST" duration-ms="8811" status="PASS">
          <reporter-output>
          </reporter-output>
        </test-method> <!-- handDDList -->
      </class> <!-- testNGWithPlayWright.HandlingDropDownList -->
      <class name="testNGWithPlayWright.AssertFail">
        <test-method signature="firstTest()[pri:3, instance:testNGWithPlayWright.AssertFail@6973b51b]" started-at="2025-11-13T22:34:04 IST" name="firstTest" finished-at="2025-11-13T22:34:04 IST" duration-ms="0" status="PASS">
          <reporter-output>
          </reporter-output>
        </test-method> <!-- firstTest -->
        <test-method signature="doLogin()[pri:2, instance:testNGWithPlayWright.AssertFail@6973b51b]" started-at="2025-11-13T22:34:04 IST" name="doLogin" finished-at="2025-11-13T22:34:04 IST" depends-on-methods="testNGWithPlayWright.AssertFail.doUserReg" duration-ms="0" status="PASS">
          <reporter-output>
          </reporter-output>
        </test-method> <!-- doLogin -->
        <test-method signature="SecondTest()[pri:4, instance:testNGWithPlayWright.AssertFail@6973b51b]" started-at="2025-11-13T22:34:04 IST" name="SecondTest" finished-at="2025-11-13T22:34:04 IST" depends-on-methods="testNGWithPlayWright.AssertFail.doUserReg, testNGWithPlayWright.AssertFail.firstTest" duration-ms="0" status="PASS">
          <reporter-output>
          </reporter-output>
        </test-method> <!-- SecondTest -->
        <test-method signature="doUserReg()[pri:1, instance:testNGWithPlayWright.AssertFail@6973b51b]" started-at="2025-11-13T22:34:04 IST" name="doUserReg" finished-at="2025-11-13T22:34:04 IST" duration-ms="0" status="PASS">
          <reporter-output>
          </reporter-output>
        </test-method> <!-- doUserReg -->
      </class> <!-- testNGWithPlayWright.AssertFail -->
    </test> <!-- Test -->
  </suite> <!-- Suite -->
</testng-results>
