<?xml version="1.0" encoding="UTF-8"?>
<testng-results ignored="0" total="3" passed="3" failed="0" skipped="0">
  <reporter-output>
  </reporter-output>
  <suite started-at="2025-12-16T22:53:00 IST" name="Data Driven Test" finished-at="2025-12-16T22:53:17 IST" duration-ms="16638">
    <groups>
    </groups>
    <test started-at="2025-12-16T22:53:00 IST" name="Bank Manager Login Test" finished-at="2025-12-16T22:53:17 IST" duration-ms="16638">
      <class name="testcases.AddCustomerTest">
        <test-method is-config="true" signature="setUp()[pri:0, instance:testcases.AddCustomerTest@19976a65]" started-at="2025-12-16T22:53:00 IST" name="setUp" finished-at="2025-12-16T22:53:00 IST" duration-ms="28" status="PASS">
          <reporter-output>
          </reporter-output>
        </test-method> <!-- setUp -->
        <test-method signature="geturl(java.lang.String)[pri:1, instance:testcases.AddCustomerTest@19976a65]" started-at="2025-12-16T22:53:00 IST" name="geturl" finished-at="2025-12-16T22:53:03 IST" duration-ms="3492" status="PASS">
          <params>
            <param index="0">
              <value>
                <![CDATA[https://www.way2automation.com/angularjs-protractor/banking/#/login]]>
              </value>
            </param>
          </params>
          <reporter-output>
          </reporter-output>
        </test-method> <!-- geturl -->
        <test-method signature="addCustomers(java.lang.String,java.lang.String,java.lang.String)[pri:2, instance:testcases.AddCustomerTest@19976a65]" started-at="2025-12-16T22:53:04 IST" name="addCustomers" data-provider="data" finished-at="2025-12-16T22:53:10 IST" duration-ms="6164" status="PASS">
          <params>
            <param index="0">
              <value>
                <![CDATA[jack]]>
              </value>
            </param>
            <param index="1">
              <value>
                <![CDATA[smith]]>
              </value>
            </param>
            <param index="2">
              <value>
                <![CDATA[1234]]>
              </value>
            </param>
          </params>
          <reporter-output>
          </reporter-output>
        </test-method> <!-- addCustomers -->
        <test-method signature="addCustomers(java.lang.String,java.lang.String,java.lang.String)[pri:2, instance:testcases.AddCustomerTest@19976a65]" started-at="2025-12-16T22:53:10 IST" name="addCustomers" data-provider="data" finished-at="2025-12-16T22:53:16 IST" duration-ms="6117" status="PASS">
          <params>
            <param index="0">
              <value>
                <![CDATA[george]]>
              </value>
            </param>
            <param index="1">
              <value>
                <![CDATA[roger]]>
              </value>
            </param>
            <param index="2">
              <value>
                <![CDATA[4567]]>
              </value>
            </param>
          </params>
          <reporter-output>
          </reporter-output>
        </test-method> <!-- addCustomers -->
        <test-method is-config="true" signature="quit()[pri:0, instance:testcases.AddCustomerTest@19976a65]" started-at="2025-12-16T22:53:16 IST" name="quit" finished-at="2025-12-16T22:53:17 IST" duration-ms="271" status="PASS">
          <reporter-output>
          </reporter-output>
        </test-method> <!-- quit -->
      </class> <!-- testcases.AddCustomerTest -->
    </test> <!-- Bank Manager Login Test -->
  </suite> <!-- Data Driven Test -->
</testng-results>
