<?xml version="1.0" encoding="UTF-8"?>
<!-- Generated by org.testng.reporters.JUnitReportReporter -->
<testsuite hostname="LAPTOP-BIM2FR3V" failures="0" tests="3" name="testcases.AddCustomerTest" time="15.773" errors="0" timestamp="2025-12-16T22:53:17 IST" skipped="0">
  <testcase classname="testcases.AddCustomerTest" name="geturl" time="3.492"/>
  <testcase classname="testcases.AddCustomerTest" name="addCustomers" time="6.117"/>
  <testcase classname="testcases.AddCustomerTest" name="addCustomers" time="6.164"/>
</testsuite> <!-- testcases.AddCustomerTest -->
