<?xml version="1.0" encoding="UTF-8"?>
<!-- Generated by org.testng.reporters.JUnitReportReporter -->
<testsuite hostname="LAPTOP-BIM2FR3V" failures="0" tests="5" name="testNGWithPlayWright.TestCase2" time="0.016" errors="0" timestamp="2025-11-18T22:33:45 IST" skipped="0">
  <testcase classname="testNGWithPlayWright.TestCase2" name="test1" time="0.004"/>
  <testcase classname="testNGWithPlayWright.TestCase2" name="test2" time="0.003"/>
  <testcase classname="testNGWithPlayWright.TestCase2" name="LaunchRediff" time="0.002"/>
  <testcase classname="testNGWithPlayWright.TestCase2" name="LoginRediff" time="0.004"/>
  <testcase classname="testNGWithPlayWright.TestCase2" name="CloseRediff" time="0.003"/>
</testsuite> <!-- testNGWithPlayWright.TestCase2 -->
