<?xml version="1.0" encoding="UTF-8"?>
<!-- Generated by org.testng.reporters.JUnitReportReporter -->
<testsuite hostname="LAPTOP-BIM2FR3V" failures="0" tests="7" name="groups.Class1" time="0.013" errors="0" timestamp="2025-11-06T21:42:01 IST" skipped="0">
  <testcase classname="groups.Class1" name="test1" time="0.002"/>
  <testcase classname="groups.Class1" name="test4" time="0.001"/>
  <testcase classname="groups.Class1" name="test2" time="0.001"/>
  <testcase classname="groups.Class1" name="test3" time="0.003"/>
  <testcase classname="groups.Class1" name="test3" time="0.001"/>
  <testcase classname="groups.Class1" name="test1" time="0.003"/>
  <testcase classname="groups.Class1" name="test2" time="0.002"/>
</testsuite> <!-- groups.Class1 -->
