<?xml version="1.0" encoding="UTF-8"?>
<!-- Generated by org.testng.reporters.JUnitReportReporter -->
<testsuite hostname="LAPTOP-BIM2FR3V" failures="0" tests="1" name="para.VerifyUpdate" time="0.003" errors="0" timestamp="2025-11-06T22:02:15 IST" skipped="0">
  <testcase classname="para.VerifyUpdate" name="updateRecAndVerify" time="0.003">
    <system-out>
      <![CDATA[Test is Passed-updateRecAndVerify]]>
    </system-out>
  </testcase> <!-- updateRecAndVerify -->
  <system-out>
    <![CDATA[Test is Passed-insertRecAndVerify
Test is Passed-updateRecAndVerify
Test is Passed-test1
Test is Passed-test2
Test is Passed-LaunchRediff
Test is Passed-LoginRediff
Test is Passed-CloseRediff
Test is Passed-test1
Test is Passed-test2
Test is Passed-LaunchRediff
Test is Passed-LoginRediff
Test is Passed-CloseRediff
Test is Failed-compareFloat
Test is Passed-compareInt]]>
  </system-out>
</testsuite> <!-- para.VerifyUpdate -->
