<?xml version="1.0" encoding="UTF-8"?>
<!-- Generated by org.testng.reporters.JUnitReportReporter -->
<testsuite hostname="LAPTOP-BIM2FR3V" failures="0" tests="4" name="testNGWithPlayWright.ReadFrmExcel" time="0.003" errors="0" timestamp="2025-11-13T21:28:00 IST" skipped="0">
  <testcase classname="testNGWithPlayWright.ReadFrmExcel" name="loginRediff" time="0.001"/>
  <testcase classname="testNGWithPlayWright.ReadFrmExcel" name="loginRediff" time="0.001"/>
  <testcase classname="testNGWithPlayWright.ReadFrmExcel" name="loginRediff" time="0.001"/>
  <testcase classname="testNGWithPlayWright.ReadFrmExcel" name="loginRediff" time="0.000"/>
</testsuite> <!-- testNGWithPlayWright.ReadFrmExcel -->
