<?xml version="1.0" encoding="UTF-8"?>
<!-- Generated by org.testng.reporters.JUnitReportReporter -->
<testsuite hostname="LAPTOP-BIM2FR3V" failures="0" tests="1" name="para.VerifyInsert" time="0.010" errors="0" timestamp="2025-11-06T22:02:15 IST" skipped="0">
  <testcase classname="para.VerifyInsert" name="insertRecAndVerify" time="0.010">
    <system-out>
      <![CDATA[Test is Passed-insertRecAndVerify]]>
    </system-out>
  </testcase> <!-- insertRecAndVerify -->
  <system-out>
    <![CDATA[Test is Passed-insertRecAndVerify
Test is Passed-updateRecAndVerify
Test is Passed-test1
Test is Passed-test2
Test is Passed-LaunchRediff
Test is Passed-LoginRediff
Test is Passed-CloseRediff
Test is Passed-test1
Test is Passed-test2
Test is Passed-LaunchRediff
Test is Passed-LoginRediff
Test is Passed-CloseRediff
Test is Failed-compareFloat
Test is Passed-compareInt]]>
  </system-out>
</testsuite> <!-- para.VerifyInsert -->
