<?xml version="1.0" encoding="UTF-8"?>
<!-- Generated by org.testng.reporters.JUnitReportReporter -->
<testsuite hostname="LAPTOP-BIM2FR3V" failures="0" tests="3" name="testNGWithPlayWright.DP_Exp" time="0.006" errors="0" timestamp="2025-11-13T21:58:44 IST" skipped="0">
  <testcase classname="testNGWithPlayWright.DP_Exp" name="login" time="0.002"/>
  <testcase classname="testNGWithPlayWright.DP_Exp" name="login" time="0.003"/>
  <testcase classname="testNGWithPlayWright.DP_Exp" name="login" time="0.001"/>
</testsuite> <!-- testNGWithPlayWright.DP_Exp -->
