<?xml version="1.0" encoding="UTF-8"?>
<!-- Generated by org.testng.reporters.JUnitReportReporter -->
<testsuite hostname="LAPTOP-BIM2FR3V" failures="0" tests="5" name="testNGWithPlayWright.TestCase1" time="0.006" errors="0" timestamp="2025-11-13T22:34:04 IST" skipped="0">
  <testcase classname="testNGWithPlayWright.TestCase1" name="test1" time="0.002"/>
  <testcase classname="testNGWithPlayWright.TestCase1" name="test2" time="0.000"/>
  <testcase classname="testNGWithPlayWright.TestCase1" name="LaunchRediff" time="0.002"/>
  <testcase classname="testNGWithPlayWright.TestCase1" name="LoginRediff" time="0.002"/>
  <testcase classname="testNGWithPlayWright.TestCase1" name="CloseRediff" time="0.000"/>
</testsuite> <!-- testNGWithPlayWright.TestCase1 -->
