<?xml version="1.0" encoding="UTF-8"?>
<!-- Generated by org.testng.reporters.JUnitReportReporter -->
<testsuite hostname="LAPTOP-BIM2FR3V" failures="0" tests="3" name="testNGWithPlayWright.DP_Exp" time="0.004" errors="0" timestamp="2025-11-13T22:34:04 IST" skipped="0">
  <testcase classname="testNGWithPlayWright.DP_Exp" name="login" time="0.004"/>
  <testcase classname="testNGWithPlayWright.DP_Exp" name="login" time="0.000"/>
  <testcase classname="testNGWithPlayWright.DP_Exp" name="login" time="0.000"/>
</testsuite> <!-- testNGWithPlayWright.DP_Exp -->
