<?xml version="1.0" encoding="UTF-8"?>
<!-- Generated by org.testng.reporters.JUnitReportReporter -->
<testsuite hostname="LAPTOP-BIM2FR3V" failures="0" tests="2" name="testNGWithPlayWright.AssertExp" time="0.000" errors="0" timestamp="2025-11-13T22:34:04 IST" skipped="1">
  <testcase classname="testNGWithPlayWright.AssertExp" name="compareFloat" time="0.000"/>
  <testcase classname="testNGWithPlayWright.AssertExp" name="compareInt">
    <skipped/>
  </testcase> <!-- compareInt -->
</testsuite> <!-- testNGWithPlayWright.AssertExp -->
