<?xml version="1.0" encoding="UTF-8"?>
<!-- Generated by org.testng.reporters.JUnitReportReporter -->
<testsuite hostname="LAPTOP-BIM2FR3V" failures="0" tests="4" name="testNGWithPlayWright.AssertFail" time="0.000" errors="0" timestamp="2025-11-13T22:34:04 IST" skipped="0">
  <testcase classname="testNGWithPlayWright.AssertFail" name="doUserReg" time="0.000"/>
  <testcase classname="testNGWithPlayWright.AssertFail" name="doLogin" time="0.000"/>
  <testcase classname="testNGWithPlayWright.AssertFail" name="firstTest" time="0.000"/>
  <testcase classname="testNGWithPlayWright.AssertFail" name="SecondTest" time="0.000"/>
</testsuite> <!-- testNGWithPlayWright.AssertFail -->
